<?xml version="1.0" encoding="UTF-8"?>
<coverage generated="1724047890591" clover="3.2.0">
  <project timestamp="1724047890591" name="All files">
    <metrics statements="4" coveredstatements="4" conditionals="0" coveredconditionals="0" methods="2" coveredmethods="2" elements="6" coveredelements="6" complexity="0" loc="4" ncloc="4" packages="1" files="2" classes="2"/>
    <file name="Contactus.js" path="/Users/princepatelpp/Documents/Level-1-projects/grocery-store/src/components/Contactus.js">
      <metrics statements="2" coveredstatements="2" conditionals="0" coveredconditionals="0" methods="1" coveredmethods="1"/>
      <line num="3" count="1" type="stmt"/>
      <line num="6" count="4" type="stmt"/>
    </file>
    <file name="sum.js" path="/Users/princepatelpp/Documents/Level-1-projects/grocery-store/src/components/sum.js">
      <metrics statements="2" coveredstatements="2" conditionals="0" coveredconditionals="0" methods="1" coveredmethods="1"/>
      <line num="1" count="1" type="stmt"/>
      <line num="3" count="1" type="stmt"/>
    </file>
  </project>
</coverage>
