{"/Users/princepatelpp/Documents/Level-1-projects/grocery-store/src/components/Contactus.js": {"path":"/Users/princepatelpp/Documents/Level-1-projects/grocery-store/src/components/Contactus.js","statementMap":{"0":{"start":{"line":3,"column":16},"end":{"line":16,"column":1}},"1":{"start":{"line":6,"column":4},"end":{"line":15,"column":11}}},"fnMap":{"0":{"name":"(anonymous_0)","decl":{"start":{"line":3,"column":16},"end":{"line":3,"column":17}},"loc":{"start":{"line":4,"column":0},"end":{"line":16,"column":1}},"line":4}},"branchMap":{},"s":{"0":1,"1":4},"f":{"0":4},"b":{},"_coverageSchema":"1a1c01bbd47fc00a2c39e90264f33305004495a9","hash":"05e12b0ebcc15d9f16d46de3f8172d0906ef517c"}
,"/Users/princepatelpp/Documents/Level-1-projects/grocery-store/src/components/sum.js": {"path":"/Users/princepatelpp/Documents/Level-1-projects/grocery-store/src/components/sum.js","statementMap":{"0":{"start":{"line":1,"column":19},"end":{"line":4,"column":1}},"1":{"start":{"line":3,"column":4},"end":{"line":3,"column":17}}},"fnMap":{"0":{"name":"(anonymous_0)","decl":{"start":{"line":1,"column":19},"end":{"line":1,"column":20}},"loc":{"start":{"line":2,"column":0},"end":{"line":4,"column":1}},"line":2}},"branchMap":{},"s":{"0":1,"1":1},"f":{"0":1},"b":{},"_coverageSchema":"1a1c01bbd47fc00a2c39e90264f33305004495a9","hash":"ce09975ead6db1577caeded703f2486332c27100"}
}
